2023-10-07 15:11:06 INFO [admin] ProjectServiceImpl - Created project [admin - New project](0)
2023-10-07 15:11:06 INFO [admin] ProjectServiceImpl - Created permission [CURATOR] for user admin on project [admin - New project](0)
2023-10-07 15:11:06 INFO [admin] ProjectServiceImpl - Created permission [MANAGER] for user admin on project [admin - New project](0)
2023-10-07 15:11:06 INFO [admin] ProjectServiceImpl - Created permission [ANNOTATOR] for user admin on project [admin - New project](0)
2023-10-07 15:11:06 INFO [admin] AnnotationSchemaServiceImpl - Created tagset [Coreference relations](0) in project [admin - New project](0)
2023-10-07 15:11:06 INFO [admin] AnnotationSchemaServiceImpl - Created 1 tags and updated 0 tags in tagset [Coreference relations](0) in project [admin - New project](0)
2023-10-07 15:11:06 INFO [admin] AnnotationSchemaServiceImpl - Created tagset [Coreference mentions](1) in project [admin - New project](0)
2023-10-07 15:11:06 INFO [admin] AnnotationSchemaServiceImpl - Created 1 tags and updated 0 tags in tagset [Coreference mentions](1) in project [admin - New project](0)
2023-10-07 15:11:06 INFO [admin] AnnotationSchemaServiceImpl - Created tagset [Dependency flavors](2) in project [admin - New project](0)
2023-10-07 15:11:06 INFO [admin] AnnotationSchemaServiceImpl - Created 2 tags and updated 0 tags in tagset [Dependency flavors](2) in project [admin - New project](0)
2023-10-07 15:11:06 INFO [admin] AnnotationSchemaServiceImpl - Created tagset [UD Universal Dependencies (v2)](3) in project [admin - New project](0)
2023-10-07 15:11:06 INFO [admin] AnnotationSchemaServiceImpl - Created 37 tags and updated 0 tags in tagset [UD Universal Dependencies (v2)](3) in project [admin - New project](0)
2023-10-07 15:11:06 INFO [admin] AnnotationSchemaServiceImpl - Created tagset [Named Entity tags](4) in project [admin - New project](0)
2023-10-07 15:11:06 INFO [admin] AnnotationSchemaServiceImpl - Created 12 tags and updated 0 tags in tagset [Named Entity tags](4) in project [admin - New project](0)
2023-10-07 15:11:06 INFO [admin] AnnotationSchemaServiceImpl - Created tagset [UD Universal POS tags (v2)](5) in project [admin - New project](0)
2023-10-07 15:11:07 INFO [admin] AnnotationSchemaServiceImpl - Created 17 tags and updated 0 tags in tagset [UD Universal POS tags (v2)](5) in project [admin - New project](0)
2023-10-07 15:11:07 INFO [admin] AnnotationSchemaServiceImpl - Created tagset [Operation](6) in project [admin - New project](0)
2023-10-07 15:11:07 INFO [admin] AnnotationSchemaServiceImpl - Created 4 tags and updated 0 tags in tagset [Operation](6) in project [admin - New project](0)
2023-10-07 15:11:07 INFO [admin] AnnotationSchemaServiceImpl - Created layer [de.tudarmstadt.ukp.dkpro.core.api.segmentation.type.Token](0) in project [admin - New project](0)
2023-10-07 15:11:07 INFO [admin] AnnotationSchemaServiceImpl - Created layer [de.tudarmstadt.ukp.dkpro.core.api.segmentation.type.Sentence](1) in project [admin - New project](0)
2023-10-07 15:11:07 INFO [admin] AnnotationSchemaServiceImpl - Created layer [de.tudarmstadt.ukp.dkpro.core.api.syntax.type.chunk.Chunk](2) in project [admin - New project](0)
2023-10-07 15:11:07 INFO [admin] AnnotationSchemaServiceImpl - Created feature [chunkValue](0) in project [admin - New project](0)
2023-10-07 15:11:07 INFO [admin] AnnotationSchemaServiceImpl - Created layer [de.tudarmstadt.ukp.dkpro.core.api.coref.type.Coreference](3) in project [admin - New project](0)
2023-10-07 15:11:07 INFO [admin] AnnotationSchemaServiceImpl - Created feature [referenceType](1) in project [admin - New project](0)
2023-10-07 15:11:07 INFO [admin] AnnotationSchemaServiceImpl - Created feature [referenceRelation](2) in project [admin - New project](0)
2023-10-07 15:11:07 INFO [admin] AnnotationSchemaServiceImpl - Created feature [lemma](3) in project [admin - New project](0)
2023-10-07 15:11:07 INFO [admin] AnnotationSchemaServiceImpl - Created layer [de.tudarmstadt.ukp.dkpro.core.api.segmentation.type.Lemma](4) in project [admin - New project](0)
2023-10-07 15:11:07 INFO [admin] AnnotationSchemaServiceImpl - Created feature [value](4) in project [admin - New project](0)
2023-10-07 15:11:07 INFO [admin] AnnotationSchemaServiceImpl - Created feature [morph](5) in project [admin - New project](0)
2023-10-07 15:11:07 INFO [admin] AnnotationSchemaServiceImpl - Created layer [de.tudarmstadt.ukp.dkpro.core.api.lexmorph.type.morph.MorphologicalFeatures](5) in project [admin - New project](0)
2023-10-07 15:11:07 INFO [admin] AnnotationSchemaServiceImpl - Created feature [value](6) in project [admin - New project](0)
2023-10-07 15:11:07 INFO [admin] AnnotationSchemaServiceImpl - Created layer [de.tudarmstadt.ukp.dkpro.core.api.ner.type.NamedEntity](6) in project [admin - New project](0)
2023-10-07 15:11:07 INFO [admin] AnnotationSchemaServiceImpl - Created feature [value](7) in project [admin - New project](0)
2023-10-07 15:11:07 INFO [admin] AnnotationSchemaServiceImpl - Created layer [de.tudarmstadt.ukp.dkpro.core.api.transform.type.SofaChangeAnnotation](7) in project [admin - New project](0)
2023-10-07 15:11:07 INFO [admin] AnnotationSchemaServiceImpl - Created feature [value](8) in project [admin - New project](0)
2023-10-07 15:11:07 INFO [admin] AnnotationSchemaServiceImpl - Created feature [operation](9) in project [admin - New project](0)
2023-10-07 15:11:07 INFO [admin] AnnotationSchemaServiceImpl - Created feature [pos](10) in project [admin - New project](0)
2023-10-07 15:11:07 INFO [admin] AnnotationSchemaServiceImpl - Created layer [de.tudarmstadt.ukp.dkpro.core.api.lexmorph.type.pos.POS](8) in project [admin - New project](0)
2023-10-07 15:11:07 INFO [admin] AnnotationSchemaServiceImpl - Created feature [PosValue](11) in project [admin - New project](0)
2023-10-07 15:11:07 INFO [admin] AnnotationSchemaServiceImpl - Created feature [coarseValue](12) in project [admin - New project](0)
2023-10-07 15:11:07 INFO [admin] AnnotationSchemaServiceImpl - Created layer [de.tudarmstadt.ukp.dkpro.core.api.semantics.type.SemArg](9) in project [admin - New project](0)
2023-10-07 15:11:07 INFO [admin] AnnotationSchemaServiceImpl - Created feature [category](13) in project [admin - New project](0)
2023-10-07 15:11:07 INFO [admin] AnnotationSchemaServiceImpl - Created feature [arguments](14) in project [admin - New project](0)
2023-10-07 15:11:07 INFO [admin] AnnotationSchemaServiceImpl - Created layer [de.tudarmstadt.ukp.dkpro.core.api.semantics.type.SemPred](10) in project [admin - New project](0)
2023-10-07 15:11:07 INFO [admin] AnnotationSchemaServiceImpl - Created layer [de.tudarmstadt.ukp.dkpro.core.api.segmentation.type.SurfaceForm](11) in project [admin - New project](0)
2023-10-07 15:11:07 INFO [admin] AnnotationSchemaServiceImpl - Created feature [value](15) in project [admin - New project](0)
2023-10-07 15:11:07 INFO [admin] AnnotationSchemaServiceImpl - Created feature [identifier](16) in project [admin - New project](0)
2023-10-07 15:11:07 INFO [admin] AnnotationSchemaServiceImpl - Created layer [de.tudarmstadt.ukp.dkpro.core.api.syntax.type.dependency.Dependency](12) in project [admin - New project](0)
2023-10-07 15:11:07 INFO [admin] AnnotationSchemaServiceImpl - Created feature [DependencyType](17) in project [admin - New project](0)
2023-10-07 15:11:07 INFO [admin] AnnotationSchemaServiceImpl - Created feature [flavor](18) in project [admin - New project](0)
